Determining if the pthread_create exist failed with the following output:
Change Dir: /work/cmake/CMakeFiles/CMakeTmp

Run Build Command:"/usr/bin/make" "cmTC_a09a0/fast"
/usr/bin/make -f CMakeFiles/cmTC_a09a0.dir/build.make CMakeFiles/cmTC_a09a0.dir/build
make[1]: Entering directory '/work/cmake/CMakeFiles/CMakeTmp'
Building CXX object CMakeFiles/cmTC_a09a0.dir/CheckSymbolExists.cxx.o
/usr/bin/c++    -std=gnu++1z -o CMakeFiles/cmTC_a09a0.dir/CheckSymbolExists.cxx.o -c /work/cmake/CMakeFiles/CMakeTmp/CheckSymbolExists.cxx
Linking CXX executable cmTC_a09a0
/usr/bin/cmake -E cmake_link_script CMakeFiles/cmTC_a09a0.dir/link.txt --verbose=1
/usr/bin/c++       CMakeFiles/cmTC_a09a0.dir/CheckSymbolExists.cxx.o  -o cmTC_a09a0 
CMakeFiles/cmTC_a09a0.dir/CheckSymbolExists.cxx.o: In function `main':
CheckSymbolExists.cxx:(.text+0x1b): undefined reference to `pthread_create'
collect2: error: ld returned 1 exit status
CMakeFiles/cmTC_a09a0.dir/build.make:97: recipe for target 'cmTC_a09a0' failed
make[1]: *** [cmTC_a09a0] Error 1
make[1]: Leaving directory '/work/cmake/CMakeFiles/CMakeTmp'
Makefile:126: recipe for target 'cmTC_a09a0/fast' failed
make: *** [cmTC_a09a0/fast] Error 2

File /work/cmake/CMakeFiles/CMakeTmp/CheckSymbolExists.cxx:
/* */
#include <pthread.h>

int main(int argc, char** argv)
{
  (void)argv;
#ifndef pthread_create
  return ((int*)(&pthread_create))[argc];
#else
  (void)argc;
  return 0;
#endif
}

Determining if the function pthread_create exists in the pthreads failed with the following output:
Change Dir: /work/cmake/CMakeFiles/CMakeTmp

Run Build Command:"/usr/bin/make" "cmTC_b6d48/fast"
/usr/bin/make -f CMakeFiles/cmTC_b6d48.dir/build.make CMakeFiles/cmTC_b6d48.dir/build
make[1]: Entering directory '/work/cmake/CMakeFiles/CMakeTmp'
Building CXX object CMakeFiles/cmTC_b6d48.dir/CheckFunctionExists.cxx.o
/usr/bin/c++    -DCHECK_FUNCTION_EXISTS=pthread_create   -std=gnu++1z -o CMakeFiles/cmTC_b6d48.dir/CheckFunctionExists.cxx.o -c /work/cmake/CMakeFiles/CheckLibraryExists/CheckFunctionExists.cxx
Linking CXX executable cmTC_b6d48
/usr/bin/cmake -E cmake_link_script CMakeFiles/cmTC_b6d48.dir/link.txt --verbose=1
/usr/bin/c++   -DCHECK_FUNCTION_EXISTS=pthread_create    CMakeFiles/cmTC_b6d48.dir/CheckFunctionExists.cxx.o  -o cmTC_b6d48 -lpthreads 
/usr/bin/ld: cannot find -lpthreads
collect2: error: ld returned 1 exit status
CMakeFiles/cmTC_b6d48.dir/build.make:97: recipe for target 'cmTC_b6d48' failed
make[1]: *** [cmTC_b6d48] Error 1
make[1]: Leaving directory '/work/cmake/CMakeFiles/CMakeTmp'
Makefile:126: recipe for target 'cmTC_b6d48/fast' failed
make: *** [cmTC_b6d48/fast] Error 2


